#
# There is insufficient memory for the Java Runtime Environment to continue.
# Native memory allocation (malloc) failed to allocate 2318096 bytes for Chunk::new
# Possible reasons:
#   The system is out of physical RAM or swap space
#   In 32 bit mode, the process size limit was hit
# Possible solutions:
#   Reduce memory load on the system
#   Increase physical memory or swap space
#   Check if swap backing store is full
#   Use 64 bit Java on a 64 bit OS
#   Decrease Java heap size (-Xmx/-Xms)
#   Decrease number of Java threads
#   Decrease Java thread stack sizes (-Xss)
#   Set larger code cache with -XX:ReservedCodeCacheSize=
# This output file may be truncated or incomplete.
#
#  Out of Memory Error (allocation.cpp:390), pid=3664, tid=14472
#
# JRE version: Java(TM) SE Runtime Environment (8.0_77-b03) (build 1.8.0_77-b03)
# Java VM: Java HotSpot(TM) 64-Bit Server VM (25.77-b03 mixed mode windows-amd64 compressed oops)
# Failed to write core dump. Minidumps are not enabled by default on client versions of Windows
#

---------------  T H R E A D  ---------------

Current thread (0x000000001393e000):  JavaThread "C2 CompilerThread0" daemon [_thread_in_native, id=14472, stack(0x0000000015320000,0x0000000015420000)]

Stack: [0x0000000015320000,0x0000000015420000]
[error occurred during error reporting (printing stack bounds), id 0xc0000005]

Native frames: (J=compiled Java code, j=interpreted, Vv=VM code, C=native code)


Current CompileTask:
C2:   9709 3431   !   4       org.springframework.core.annotation.AnnotatedElementUtils::searchOnInterfaces (86 bytes)


---------------  P R O C E S S  ---------------

Java Threads: ( => current thread )
  0x000000001a7cc000 JavaThread "DestroyJavaVM" [_thread_blocked, id=4672, stack(0x0000000002300000,0x0000000002400000)]
  0x000000001a7c7800 JavaThread "http-nio-8080-AsyncTimeout" daemon [_thread_blocked, id=12480, stack(0x000000001de90000,0x000000001df90000)]
  0x000000001a7c7000 JavaThread "http-nio-8080-Acceptor-0" daemon [_thread_in_native, id=12688, stack(0x000000001dd90000,0x000000001de90000)]
  0x000000001a7ca000 JavaThread "http-nio-8080-ClientPoller-1" daemon [_thread_in_native, id=9352, stack(0x000000001dc90000,0x000000001dd90000)]
  0x000000001a7c8800 JavaThread "http-nio-8080-ClientPoller-0" daemon [_thread_in_native, id=13156, stack(0x000000001db90000,0x000000001dc90000)]
  0x000000001a7c3000 JavaThread "http-nio-8080-exec-10" daemon [_thread_blocked, id=5136, stack(0x000000001da90000,0x000000001db90000)]
  0x000000001a7c6000 JavaThread "http-nio-8080-exec-9" daemon [_thread_blocked, id=6764, stack(0x000000001d990000,0x000000001da90000)]
  0x000000001a7c5800 JavaThread "http-nio-8080-exec-8" daemon [_thread_blocked, id=13956, stack(0x000000001d890000,0x000000001d990000)]
  0x000000001a7c4800 JavaThread "http-nio-8080-exec-7" daemon [_thread_blocked, id=12000, stack(0x000000001d790000,0x000000001d890000)]
  0x000000001a7c4000 JavaThread "http-nio-8080-exec-6" daemon [_thread_blocked, id=1028, stack(0x000000001d690000,0x000000001d790000)]
  0x0000000016a75800 JavaThread "http-nio-8080-exec-5" daemon [_thread_blocked, id=14448, stack(0x000000001d590000,0x000000001d690000)]
  0x0000000016a72800 JavaThread "http-nio-8080-exec-4" daemon [_thread_blocked, id=3236, stack(0x000000001d490000,0x000000001d590000)]
  0x0000000016a72000 JavaThread "http-nio-8080-exec-3" daemon [_thread_blocked, id=7616, stack(0x000000001d390000,0x000000001d490000)]
  0x0000000016a75000 JavaThread "http-nio-8080-exec-2" daemon [_thread_blocked, id=7560, stack(0x000000001d110000,0x000000001d210000)]
  0x0000000016a74000 JavaThread "http-nio-8080-exec-1" daemon [_thread_blocked, id=14040, stack(0x000000001d010000,0x000000001d110000)]
  0x0000000016a73800 JavaThread "NioBlockingSelector.BlockPoller-1" daemon [_thread_in_native, id=9292, stack(0x000000001cf10000,0x000000001d010000)]
  0x0000000016a6f000 JavaThread "Live Reload Server" daemon [_thread_in_native, id=14148, stack(0x000000001d290000,0x000000001d390000)]
  0x0000000016a71000 JavaThread "File Watcher" daemon [_thread_blocked, id=10212, stack(0x000000001cbc0000,0x000000001ccc0000)]
  0x0000000015079000 JavaThread "container-0" [_thread_blocked, id=13256, stack(0x000000001c8c0000,0x000000001c9c0000)]
  0x0000000019f77800 JavaThread "ContainerBackgroundProcessor[StandardEngine[Tomcat]]" daemon [_thread_blocked, id=2868, stack(0x000000001c7c0000,0x000000001c8c0000)]
  0x000000001ba11000 JavaThread "localhost-startStop-1" daemon [_thread_blocked, id=13724, stack(0x000000001b220000,0x000000001b320000)]
  0x00000000189cb000 JavaThread "Tomcat-startStop-1" daemon [_thread_blocked, id=14496, stack(0x000000001b120000,0x000000001b220000)]
  0x0000000014d9d000 JavaThread "Service Thread" daemon [_thread_blocked, id=7608, stack(0x0000000015620000,0x0000000015720000)]
  0x0000000014d32000 JavaThread "C1 CompilerThread2" daemon [_thread_blocked, id=9700, stack(0x0000000015520000,0x0000000015620000)]
  0x0000000013944800 JavaThread "C2 CompilerThread1" daemon [_thread_in_native, id=15304, stack(0x0000000015420000,0x0000000015520000)]
=>0x000000001393e000 JavaThread "C2 CompilerThread0" daemon [_thread_in_native, id=14472, stack(0x0000000015320000,0x0000000015420000)]
  0x000000001393d000 JavaThread "Attach Listener" daemon [_thread_blocked, id=10380, stack(0x0000000015220000,0x0000000015320000)]
  0x000000001398e800 JavaThread "Signal Dispatcher" daemon [_thread_blocked, id=5436, stack(0x0000000015120000,0x0000000015220000)]
  0x000000001391a000 JavaThread "Finalizer" daemon [_thread_blocked, id=10052, stack(0x0000000014b90000,0x0000000014c90000)]
  0x00000000024f4000 JavaThread "Reference Handler" daemon [_thread_blocked, id=13692, stack(0x0000000014a90000,0x0000000014b90000)]

Other Threads:
  0x00000000138f7000 VMThread [stack: 0x0000000014990000,0x0000000014a90000] [id=13596]
  0x0000000014dea000 WatcherThread [stack: 0x0000000015720000,0x0000000015820000] [id=4384]

VM state:not at safepoint (normal execution)

VM Mutex/Monitor currently owned by a thread: None

Heap:
 PSYoungGen      total 104960K, used 15448K [0x00000000f5580000, 0x00000000ff700000, 0x0000000100000000)
  eden space 92672K, 3% used [0x00000000f5580000,0x00000000f589d308,0x00000000fb000000)
  from space 12288K, 99% used [0x00000000fb000000,0x00000000fbbf8fb0,0x00000000fbc00000)
  to   space 15872K, 0% used [0x00000000fe780000,0x00000000fe780000,0x00000000ff700000)
 ParOldGen       total 62464K, used 14804K [0x00000000e0000000, 0x00000000e3d00000, 0x00000000f5580000)
  object space 62464K, 23% used [0x00000000e0000000,0x00000000e0e75210,0x00000000e3d00000)
 Metaspace       used 33354K, capacity 33764K, committed 34176K, reserved 1079296K
  class space    used 4020K, capacity 4115K, committed 4224K, reserved 1048576K

Card table byte_map: [0x00000000118c0000,0x00000000119d0000] byte_map_base: 0x00000000111c0000

Marking Bits: (ParMarkBitMap*) 0x0000000058260600
 Begin Bits: [0x0000000011e80000, 0x0000000012680000)
 End Bits:   [0x0000000012680000, 0x0000000012e80000)

Polling page: 0x00000000008b0000

CodeCache: size=245760Kb used=12520Kb max_used=12543Kb free=233240Kb
 bounds [0x0000000002500000, 0x0000000003150000, 0x0000000011500000]
 total_blobs=3684 nmethods=3040 adapters=556
 compilation: enabled

Compilation events (10 events):
Event: 9.117 Thread 0x0000000014d32000 3493       1       org.springframework.util.ConcurrentReferenceHashMap$SoftEntryReference::getNext (5 bytes)
Event: 9.118 Thread 0x0000000014d32000 nmethod 3493 0x0000000002be4c90 code [0x0000000002be4de0, 0x0000000002be4ef0]
Event: 9.118 Thread 0x0000000014d32000 3489       3       org.springframework.core.ResolvableType::isArray (58 bytes)
Event: 9.118 Thread 0x0000000014d32000 nmethod 3489 0x0000000002be41d0 code [0x0000000002be4380, 0x0000000002be4b48]
Event: 9.139 Thread 0x000000001393e000 nmethod 3426 0x000000000313dbd0 code [0x000000000313e240, 0x0000000003141f98]
Event: 9.139 Thread 0x000000001393e000 3450       4       java.util.TreeMap::successor (66 bytes)
Event: 9.141 Thread 0x000000001393e000 nmethod 3450 0x0000000002be2a10 code [0x0000000002be2b40, 0x0000000002be2bf8]
Event: 9.141 Thread 0x000000001393e000 3431   !   4       org.springframework.core.annotation.AnnotatedElementUtils::searchOnInterfaces (86 bytes)
Event: 9.402 Thread 0x0000000014d32000 3494       3       java.io.File::lastModified (33 bytes)
Event: 9.403 Thread 0x0000000014d32000 nmethod 3494 0x0000000002be3710 code [0x0000000002be38a0, 0x0000000002be3cc8]

GC Heap History (10 events):
Event: 3.452 GC heap before
{Heap before GC invocations=4 (full 0):
 PSYoungGen      total 38400K, used 20485K [0x00000000f5580000, 0x00000000fa080000, 0x0000000100000000)
  eden space 33280K, 46% used [0x00000000f5580000,0x00000000f6487188,0x00000000f7600000)
  from space 5120K, 99% used [0x00000000f7600000,0x00000000f7afa630,0x00000000f7b00000)
  to   space 5120K, 0% used [0x00000000f9b80000,0x00000000f9b80000,0x00000000fa080000)
 ParOldGen       total 87552K, used 6366K [0x00000000e0000000, 0x00000000e5580000, 0x00000000f5580000)
  object space 87552K, 7% used [0x00000000e0000000,0x00000000e0637860,0x00000000e5580000)
 Metaspace       used 20822K, capacity 21092K, committed 21296K, reserved 1069056K
  class space    used 2497K, capacity 2571K, committed 2688K, reserved 1048576K
Event: 3.471 GC heap after
Heap after GC invocations=4 (full 0):
 PSYoungGen      total 71680K, used 5113K [0x00000000f5580000, 0x00000000fa080000, 0x0000000100000000)
  eden space 66560K, 0% used [0x00000000f5580000,0x00000000f5580000,0x00000000f9680000)
  from space 5120K, 99% used [0x00000000f9b80000,0x00000000fa07e640,0x00000000fa080000)
  to   space 5120K, 0% used [0x00000000f9680000,0x00000000f9680000,0x00000000f9b80000)
 ParOldGen       total 87552K, used 7319K [0x00000000e0000000, 0x00000000e5580000, 0x00000000f5580000)
  object space 87552K, 8% used [0x00000000e0000000,0x00000000e0725e38,0x00000000e5580000)
 Metaspace       used 20822K, capacity 21092K, committed 21296K, reserved 1069056K
  class space    used 2497K, capacity 2571K, committed 2688K, reserved 1048576K
}
Event: 3.471 GC heap before
{Heap before GC invocations=5 (full 1):
 PSYoungGen      total 71680K, used 5113K [0x00000000f5580000, 0x00000000fa080000, 0x0000000100000000)
  eden space 66560K, 0% used [0x00000000f5580000,0x00000000f5580000,0x00000000f9680000)
  from space 5120K, 99% used [0x00000000f9b80000,0x00000000fa07e640,0x00000000fa080000)
  to   space 5120K, 0% used [0x00000000f9680000,0x00000000f9680000,0x00000000f9b80000)
 ParOldGen       total 87552K, used 7319K [0x00000000e0000000, 0x00000000e5580000, 0x00000000f5580000)
  object space 87552K, 8% used [0x00000000e0000000,0x00000000e0725e38,0x00000000e5580000)
 Metaspace       used 20822K, capacity 21092K, committed 21296K, reserved 1069056K
  class space    used 2497K, capacity 2571K, committed 2688K, reserved 1048576K
Event: 3.543 GC heap after
Heap after GC invocations=5 (full 1):
 PSYoungGen      total 71680K, used 0K [0x00000000f5580000, 0x00000000fa080000, 0x0000000100000000)
  eden space 66560K, 0% used [0x00000000f5580000,0x00000000f5580000,0x00000000f9680000)
  from space 5120K, 0% used [0x00000000f9b80000,0x00000000f9b80000,0x00000000fa080000)
  to   space 5120K, 0% used [0x00000000f9680000,0x00000000f9680000,0x00000000f9b80000)
 ParOldGen       total 62464K, used 6830K [0x00000000e0000000, 0x00000000e3d00000, 0x00000000f5580000)
  object space 62464K, 10% used [0x00000000e0000000,0x00000000e06aba28,0x00000000e3d00000)
 Metaspace       used 20822K, capacity 21092K, committed 21296K, reserved 1069056K
  class space    used 2497K, capacity 2571K, committed 2688K, reserved 1048576K
}
Event: 5.415 GC heap before
{Heap before GC invocations=6 (full 1):
 PSYoungGen      total 71680K, used 66560K [0x00000000f5580000, 0x00000000fa080000, 0x0000000100000000)
  eden space 66560K, 100% used [0x00000000f5580000,0x00000000f9680000,0x00000000f9680000)
  from space 5120K, 0% used [0x00000000f9b80000,0x00000000f9b80000,0x00000000fa080000)
  to   space 5120K, 0% used [0x00000000f9680000,0x00000000f9680000,0x00000000f9b80000)
 ParOldGen       total 62464K, used 6830K [0x00000000e0000000, 0x00000000e3d00000, 0x00000000f5580000)
  object space 62464K, 10% used [0x00000000e0000000,0x00000000e06aba28,0x00000000e3d00000)
 Metaspace       used 24628K, capacity 24984K, committed 25216K, reserved 1071104K
  class space    used 2995K, capacity 3092K, committed 3200K, reserved 1048576K
Event: 5.429 GC heap after
Heap after GC invocations=6 (full 1):
 PSYoungGen      total 71680K, used 5100K [0x00000000f5580000, 0x00000000fc500000, 0x0000000100000000)
  eden space 66560K, 0% used [0x00000000f5580000,0x00000000f5580000,0x00000000f9680000)
  from space 5120K, 99% used [0x00000000f9680000,0x00000000f9b7b0a0,0x00000000f9b80000)
  to   space 9216K, 0% used [0x00000000fbc00000,0x00000000fbc00000,0x00000000fc500000)
 ParOldGen       total 62464K, used 7538K [0x00000000e0000000, 0x00000000e3d00000, 0x00000000f5580000)
  object space 62464K, 12% used [0x00000000e0000000,0x00000000e075c808,0x00000000e3d00000)
 Metaspace       used 24628K, capacity 24984K, committed 25216K, reserved 1071104K
  class space    used 2995K, capacity 3092K, committed 3200K, reserved 1048576K
}
Event: 7.616 GC heap before
{Heap before GC invocations=7 (full 1):
 PSYoungGen      total 71680K, used 71660K [0x00000000f5580000, 0x00000000fc500000, 0x0000000100000000)
  eden space 66560K, 100% used [0x00000000f5580000,0x00000000f9680000,0x00000000f9680000)
  from space 5120K, 99% used [0x00000000f9680000,0x00000000f9b7b0a0,0x00000000f9b80000)
  to   space 9216K, 0% used [0x00000000fbc00000,0x00000000fbc00000,0x00000000fc500000)
 ParOldGen       total 62464K, used 7538K [0x00000000e0000000, 0x00000000e3d00000, 0x00000000f5580000)
  object space 62464K, 12% used [0x00000000e0000000,0x00000000e075c808,0x00000000e3d00000)
 Metaspace       used 29091K, capacity 29468K, committed 29824K, reserved 1075200K
  class space    used 3549K, capacity 3642K, committed 3712K, reserved 1048576K
Event: 7.630 GC heap after
Heap after GC invocations=7 (full 1):
 PSYoungGen      total 101888K, used 9187K [0x00000000f5580000, 0x00000000fc880000, 0x0000000100000000)
  eden space 92672K, 0% used [0x00000000f5580000,0x00000000f5580000,0x00000000fb000000)
  from space 9216K, 99% used [0x00000000fbc00000,0x00000000fc4f8fc0,0x00000000fc500000)
  to   space 12288K, 0% used [0x00000000fb000000,0x00000000fb000000,0x00000000fbc00000)
 ParOldGen       total 62464K, used 10870K [0x00000000e0000000, 0x00000000e3d00000, 0x00000000f5580000)
  object space 62464K, 17% used [0x00000000e0000000,0x00000000e0a9d978,0x00000000e3d00000)
 Metaspace       used 29091K, capacity 29468K, committed 29824K, reserved 1075200K
  class space    used 3549K, capacity 3642K, committed 3712K, reserved 1048576K
}
Event: 9.075 GC heap before
{Heap before GC invocations=8 (full 1):
 PSYoungGen      total 101888K, used 101859K [0x00000000f5580000, 0x00000000fc880000, 0x0000000100000000)
  eden space 92672K, 100% used [0x00000000f5580000,0x00000000fb000000,0x00000000fb000000)
  from space 9216K, 99% used [0x00000000fbc00000,0x00000000fc4f8fc0,0x00000000fc500000)
  to   space 12288K, 0% used [0x00000000fb000000,0x00000000fb000000,0x00000000fbc00000)
 ParOldGen       total 62464K, used 10870K [0x00000000e0000000, 0x00000000e3d00000, 0x00000000f5580000)
  object space 62464K, 17% used [0x00000000e0000000,0x00000000e0a9d978,0x00000000e3d00000)
 Metaspace       used 33351K, capacity 33700K, committed 34176K, reserved 1079296K
  class space    used 4019K, capacity 4115K, committed 4224K, reserved 1048576K
Event: 9.111 GC heap after
Heap after GC invocations=8 (full 1):
 PSYoungGen      total 104960K, used 12259K [0x00000000f5580000, 0x00000000ff700000, 0x0000000100000000)
  eden space 92672K, 0% used [0x00000000f5580000,0x00000000f5580000,0x00000000fb000000)
  from space 12288K, 99% used [0x00000000fb000000,0x00000000fbbf8fb0,0x00000000fbc00000)
  to   space 15872K, 0% used [0x00000000fe780000,0x00000000fe780000,0x00000000ff700000)
 ParOldGen       total 62464K, used 14804K [0x00000000e0000000, 0x00000000e3d00000, 0x00000000f5580000)
  object space 62464K, 23% used [0x00000000e0000000,0x00000000e0e75210,0x00000000e3d00000)
 Metaspace       used 33351K, capacity 33700K, committed 34176K, reserved 1079296K
  class space    used 4019K, capacity 4115K, committed 4224K, reserved 1048576K
}

Deoptimization events (10 events):
Event: 8.556 Thread 0x0000000015ca8000 Uncommon trap: reason=bimorphic action=maybe_recompile pc=0x0000000002ea938c method=java.lang.ClassLoader.loadClass(Ljava/lang/String;Z)Ljava/lang/Class; @ 2
Event: 8.556 Thread 0x0000000015ca8000 Uncommon trap: reason=unstable_if action=reinterpret pc=0x0000000002e746c0 method=java.lang.ClassLoader.getClassLoadingLock(Ljava/lang/String;)Ljava/lang/Object; @ 6
Event: 8.556 Thread 0x0000000015ca8000 Uncommon trap: reason=bimorphic action=maybe_recompile pc=0x0000000002ea938c method=java.lang.ClassLoader.loadClass(Ljava/lang/String;Z)Ljava/lang/Class; @ 2
Event: 8.556 Thread 0x0000000015ca8000 Uncommon trap: reason=bimorphic action=maybe_recompile pc=0x0000000002ea938c method=java.lang.ClassLoader.loadClass(Ljava/lang/String;Z)Ljava/lang/Class; @ 2
Event: 8.556 Thread 0x0000000015ca8000 Uncommon trap: reason=bimorphic action=maybe_recompile pc=0x0000000002ea938c method=java.lang.ClassLoader.loadClass(Ljava/lang/String;Z)Ljava/lang/Class; @ 2
Event: 8.634 Thread 0x0000000015ca8000 Uncommon trap: reason=unstable_if action=reinterpret pc=0x0000000002b1adec method=java.io.WinNTFileSystem.isLetter(C)Z @ 3
Event: 8.963 Thread 0x0000000015ca8000 Uncommon trap: reason=unstable_if action=reinterpret pc=0x0000000002d8cf94 method=org.springframework.util.ConcurrentReferenceHashMap$Segment.clear()V @ 4
Event: 9.061 Thread 0x0000000015ca8000 Uncommon trap: reason=bimorphic action=maybe_recompile pc=0x0000000002a6040c method=java.util.Hashtable.get(Ljava/lang/Object;)Ljava/lang/Object; @ 6
Event: 9.062 Thread 0x0000000015ca8000 Uncommon trap: reason=bimorphic action=maybe_recompile pc=0x0000000002a6040c method=java.util.Hashtable.get(Ljava/lang/Object;)Ljava/lang/Object; @ 6
Event: 9.066 Thread 0x0000000015ca8000 Uncommon trap: reason=unstable_if action=reinterpret pc=0x0000000002b00ec8 method=org.springframework.util.ConcurrentReferenceHashMap$Segment.restructureIfNecessary(Z)V @ 33

Internal exceptions (10 events):
Event: 8.801 Thread 0x0000000015ca8000 Exception <a 'java/lang/ClassNotFoundException': org/springframework/boot/devtools/autoconfigure/LocalDevToolsAutoConfiguration$LiveReloadConfiguration$$EnhancerBySpringCGLIB$$8d6a6308Customizer> (0x00000000f9f17ce0) thrown at [D:\re\workspace\8-2-build-wiD∫¢ö!@
Event: 8.802 Thread 0x0000000015ca8000 Exception <a 'java/lang/ClassNotFoundException': org/springframework/context/annotation/ConfigurationClassEnhancer$EnhancedConfigurationCustomizer> (0x00000000f9f34aa8) thrown at [D:\re\workspace\8-2-build-windows-amd64-cygwin\jdk8u77\6540\hotspot\src\sharE∏„[†!@
Event: 8.813 Thread 0x0000000015ca8000 Exception <a 'java/lang/ClassNotFoundException': java/lang/ObjectCustomizer> (0x00000000f9fde400) thrown at [D:\re\workspace\8-2-build-windows-amd64-cygwin\jdk8u77\6540\hotspot\src\share\vm\classfile\systemDictionary.cpp, line 210]
Event: 8.815 Thread 0x0000000015ca8000 Exception <a 'java/lang/ClassNotFoundException': org/springframework/boot/devtools/livereload/LiveReloadServerCustomizer> (0x00000000f9ff1fc8) thrown at [D:\re\workspace\8-2-build-windows-amd64-cygwin\jdk8u77\6540\hotspot\src\share\vm\classfile\systemDicti»‹gN§!@
Event: 8.821 Thread 0x0000000015ca8000 Exception <a 'java/lang/ClassNotFoundException': java/lang/ObjectCustomizer> (0x00000000fa005bd0) thrown at [D:\re\workspace\8-2-build-windows-amd64-cygwin\jdk8u77\6540\hotspot\src\share\vm\classfile\systemDictionary.cpp, line 210]
Event: 8.822 Thread 0x0000000015ca8000 Exception <a 'java/lang/ClassNotFoundException': org/springframework/boot/devtools/autoconfigure/OptionalLiveReloadServerCustomizer> (0x00000000fa01ae40) thrown at [D:\re\workspace\8-2-build-windows-amd64-cygwin\jdk8u77\6540\hotspot\src\share\vm\classfile\·ﬁ‡Q…∂!@
Event: 8.857 Thread 0x0000000015ca8000 Exception <a 'java/lang/ClassNotFoundException': java/lang/ObjectCustomizer> (0x00000000fa03c628) thrown at [D:\re\workspace\8-2-build-windows-amd64-cygwin\jdk8u77\6540\hotspot\src\share\vm\classfile\systemDictionary.cpp, line 210]
Event: 8.858 Thread 0x0000000015ca8000 Exception <a 'java/lang/ClassNotFoundException': org/springframework/boot/devtools/autoconfigure/LocalDevToolsAutoConfigurationCustomizer> (0x00000000fa0c69f8) thrown at [D:\re\workspace\8-2-build-windows-amd64-cygwin\jdk8u77\6540\hotspot\src\share\vm\clas%V±Ï∑!@
Event: 8.859 Thread 0x0000000015ca8000 Exception <a 'java/lang/ClassNotFoundException': org/springframework/boot/devtools/autoconfigure/LocalDevToolsAutoConfiguration$$EnhancerBySpringCGLIB$$989ffdbCustomizer> (0x00000000fa0df288) thrown at [D:\re\workspace\8-2-build-windows-amd64-cygwin\jdk8u73úèﬁ»∏!@
Event: 8.861 Thread 0x0000000015ca8000 Exception <a 'java/lang/ClassNotFoundException': org/springframework/context/annotation/ConfigurationClassEnhancer$EnhancedConfigurationCustomizer> (0x00000000fa0f8cc0) thrown at [D:\re\workspace\8-2-build-windows-amd64-cygwin\jdk8u77\6540\hotspot\src\shar

Events (10 events):
Event: 9.073 loading class org/springframework/util/StopWatch$TaskInfo
Event: 9.073 loading class org/springframework/util/StopWatch$TaskInfo done
Event: 9.074 Thread 0x0000000015ca8000 Thread exited: 0x0000000015ca8000
Event: 9.075 Executing VM operation: ParallelGCFailedAllocation
Event: 9.111 Executing VM operation: ParallelGCFailedAllocation done
Event: 9.113 loading class java/util/WeakHashMap$KeyIterator
Event: 9.113 loading class java/util/WeakHashMap$KeyIterator done
Event: 9.113 Thread 0x0000000015ca7800 Thread exited: 0x0000000015ca7800
Event: 9.114 Thread 0x0000000002404000 Thread exited: 0x0000000002404000
Event: 9.114 Thread 0x000000001a7cc000 Thread added: 0x000000001a7cc000


Dynamic libraries:
0x00007ff6ae0b0000 - 0x00007ff6ae0e7000 	C:\Program Files\Java\jdk1.8.0_77\jre\bin\java.exe
0x00007ffde8220000 - 0x00007ffde83cd000 	C:\Windows\SYSTEM32\ntdll.dll
0x00007ffde5a80000 - 0x00007ffde5bba000 	C:\Windows\system32\KERNEL32.DLL
0x00007ffde5870000 - 0x00007ffde597f000 	C:\Windows\system32\KERNELBASE.dll
0x00007ffde4180000 - 0x00007ffde4208000 	C:\Windows\system32\apphelp.dll
0x00007ffddac20000 - 0x00007ffddac6f000 	C:\Windows\AppPatch\AppPatch64\AcGenral.DLL
0x00007ffde7ce0000 - 0x00007ffde7d87000 	C:\Windows\system32\msvcrt.dll
0x00007ffde5410000 - 0x00007ffde543b000 	C:\Windows\SYSTEM32\SspiCli.dll
0x00007ffde75d0000 - 0x00007ffde7621000 	C:\Windows\system32\SHLWAPI.dll
0x00007ffde7e00000 - 0x00007ffde7f71000 	C:\Windows\system32\USER32.dll
0x00007ffde5dc0000 - 0x00007ffde5f38000 	C:\Windows\system32\ole32.dll
0x00007ffde6080000 - 0x00007ffde7497000 	C:\Windows\system32\SHELL32.dll
0x00007ffde4be0000 - 0x00007ffde4bfe000 	C:\Windows\SYSTEM32\USERENV.dll
0x00007ffde8170000 - 0x00007ffde8215000 	C:\Windows\system32\ADVAPI32.dll
0x00007ffde10b0000 - 0x00007ffde10cb000 	C:\Windows\SYSTEM32\MPR.dll
0x00007ffde5be0000 - 0x00007ffde5d16000 	C:\Windows\system32\RPCRT4.dll
0x00007ffde80d0000 - 0x00007ffde8127000 	C:\Windows\SYSTEM32\sechost.dll
0x00007ffde7630000 - 0x00007ffde7806000 	C:\Windows\SYSTEM32\combase.dll
0x00007ffde7f80000 - 0x00007ffde80cf000 	C:\Windows\system32\GDI32.dll
0x00007ffde5570000 - 0x00007ffde5584000 	C:\Windows\SYSTEM32\profapi.dll
0x00007ffde3a00000 - 0x00007ffde3a9f000 	C:\Windows\SYSTEM32\SHCORE.dll
0x00007ffde8130000 - 0x00007ffde8164000 	C:\Windows\system32\IMM32.DLL
0x00007ffde5f40000 - 0x00007ffde6079000 	C:\Windows\system32\MSCTF.dll
0x00007ffde2410000 - 0x00007ffde266a000 	C:\Windows\WinSxS\amd64_microsoft.windows.common-controls_6595b64144ccf1df_6.0.9600.17031_none_6242a4b3ecbb55a1\COMCTL32.dll
0x00000000582e0000 - 0x00000000583b2000 	C:\Program Files\Java\jdk1.8.0_77\jre\bin\msvcr100.dll
0x0000000057a50000 - 0x00000000582e0000 	C:\Program Files\Java\jdk1.8.0_77\jre\bin\server\jvm.dll
0x00007ffddda80000 - 0x00007ffddda89000 	C:\Windows\SYSTEM32\WSOCK32.dll
0x00007ffdddb20000 - 0x00007ffdddb3f000 	C:\Windows\SYSTEM32\WINMM.dll
0x00007ffdde150000 - 0x00007ffdde15a000 	C:\Windows\SYSTEM32\VERSION.dll
0x00007ffde7bb0000 - 0x00007ffde7bb7000 	C:\Windows\system32\PSAPI.DLL
0x00007ffde74a0000 - 0x00007ffde74f8000 	C:\Windows\system32\WS2_32.dll
0x00007ffdddaf0000 - 0x00007ffdddb1a000 	C:\Windows\SYSTEM32\WINMMBASE.dll
0x00007ffde7bc0000 - 0x00007ffde7bc9000 	C:\Windows\system32\NSI.dll
0x00007ffde5980000 - 0x00007ffde59ca000 	C:\Windows\SYSTEM32\cfgmgr32.dll
0x00007ffde43d0000 - 0x00007ffde43f6000 	C:\Windows\SYSTEM32\DEVOBJ.dll
0x000000005ad10000 - 0x000000005ad1f000 	C:\Program Files\Java\jdk1.8.0_77\jre\bin\verify.dll
0x000000005ace0000 - 0x000000005ad09000 	C:\Program Files\Java\jdk1.8.0_77\jre\bin\java.dll
0x000000005acc0000 - 0x000000005acd6000 	C:\Program Files\Java\jdk1.8.0_77\jre\bin\zip.dll
0x0000000057a40000 - 0x0000000057a4d000 	C:\Program Files\Java\jdk1.8.0_77\jre\bin\management.dll
0x000000005aca0000 - 0x000000005acba000 	C:\Program Files\Java\jdk1.8.0_77\jre\bin\net.dll
0x00007ffde4e80000 - 0x00007ffde4ed8000 	C:\Windows\system32\mswsock.dll
0x00007ffddc140000 - 0x00007ffddc154000 	C:\Windows\system32\napinsp.dll
0x00007ffddc120000 - 0x00007ffddc139000 	C:\Windows\system32\pnrpnsp.dll
0x00007ffde23c0000 - 0x00007ffde23d9000 	C:\Windows\system32\NLAapi.dll
0x00007ffde4c90000 - 0x00007ffde4d34000 	C:\Windows\SYSTEM32\DNSAPI.dll
0x00007ffddc110000 - 0x00007ffddc11c000 	C:\Windows\System32\winrnr.dll
0x00007ffddc0f0000 - 0x00007ffddc103000 	C:\Windows\system32\wshbth.dll
0x000000005b010000 - 0x000000005b036000 	C:\Program Files\Bonjour\mdnsNSP.dll
0x00007ffddfca0000 - 0x00007ffddfcc9000 	C:\Windows\SYSTEM32\Iphlpapi.DLL
0x00007ffddfc70000 - 0x00007ffddfc7a000 	C:\Windows\SYSTEM32\WINNSI.DLL
0x00007ffddc0e0000 - 0x00007ffddc0e9000 	C:\Windows\System32\rasadhlp.dll
0x00007ffddf860000 - 0x00007ffddf8c8000 	C:\Windows\System32\fwpuclnt.dll
0x000000005ac80000 - 0x000000005ac91000 	C:\Program Files\Java\jdk1.8.0_77\jre\bin\nio.dll
0x00007ffde4ee0000 - 0x00007ffde4efe000 	C:\Windows\SYSTEM32\CRYPTSP.dll
0x00007ffde4ad0000 - 0x00007ffde4b05000 	C:\Windows\system32\rsaenh.dll
0x00007ffde5110000 - 0x00007ffde5136000 	C:\Windows\SYSTEM32\bcrypt.dll
0x00007ffde5440000 - 0x00007ffde54a3000 	C:\Windows\system32\bcryptprimitives.dll
0x00007ffde54b0000 - 0x00007ffde54ba000 	C:\Windows\SYSTEM32\CRYPTBASE.dll
0x00007ffddf8d0000 - 0x00007ffddf8e4000 	C:\Windows\SYSTEM32\dhcpcsvc6.DLL
0x00007ffddf9a0000 - 0x00007ffddf9b9000 	C:\Windows\SYSTEM32\dhcpcsvc.DLL

VM Arguments:
jvm_args: -Xmx512M -Xmx512M 
java_command: study.Application
java_class_path (initial): C:\Users\jihyun\IdeaProjects\practice\target\classes;C:\Users\jihyun\.m2\repository\org\springframework\boot\spring-boot-starter-web\1.5.10.RELEASE\spring-boot-starter-web-1.5.10.RELEASE.jar;C:\Users\jihyun\.m2\repository\org\springframework\boot\spring-boot-starter\1.5.10.RELEASE\spring-boot-starter-1.5.10.RELEASE.jar;C:\Users\jihyun\.m2\repository\org\springframework\boot\spring-boot-starter-logging\1.5.10.RELEASE\spring-boot-starter-logging-1.5.10.RELEASE.jar;C:\Users\jihyun\.m2\repository\ch\qos\logback\logback-classic\1.1.11\logback-classic-1.1.11.jar;C:\Users\jihyun\.m2\repository\ch\qos\logback\logback-core\1.1.11\logback-core-1.1.11.jar;C:\Users\jihyun\.m2\repository\org\slf4j\jcl-over-slf4j\1.7.25\jcl-over-slf4j-1.7.25.jar;C:\Users\jihyun\.m2\repository\org\slf4j\jul-to-slf4j\1.7.25\jul-to-slf4j-1.7.25.jar;C:\Users\jihyun\.m2\repository\org\slf4j\log4j-over-slf4j\1.7.25\log4j-over-slf4j-1.7.25.jar;C:\Users\jihyun\.m2\repository\org\springframework\spring-core\4.3.14.RELEASE\spring-core-4.3.14.RELEASE.jar;C:\Users\jihyun\.m2\repository\org\yaml\snakeyaml\1.17\snakeyaml-1.17.jar;C:\Users\jihyun\.m2\repository\org\springframework\boot\spring-boot-starter-tomcat\1.5.10.RELEASE\spring-boot-starter-tomcat-1.5.10.RELEASE.jar;C:\Users\jihyun\.m2\repository\org\apache\tomcat\embed\tomcat-embed-core\8.5.27\tomcat-embed-core-8.5.27.jar;C:\Users\jihyun\.m2\repository\org\apache\tomcat\tomcat-annotations-api\8.5.27\tomcat-annotations-api-8.5.27.jar;C:\Users\jihyun\.m2\repository\org\apache\tomcat\embed\tomcat-embed-el\8.5.27\tomcat-embed-el-8.5.27.jar;C:\Users\jihyun\.m2\repository\org\apache\tomcat\embed\tomcat-embed-websocket\8.5.27\tomcat-embed-websocket-8.5.27.jar;C:\Users\jihyun\.m2\repository\org\hibernate\hibernate-validator\5.3.6.Final\hibernate-validator-5.3.6.Final.jar;C:\Users\jihyun\.m2\repository\javax\validation\validation-api\1.1.0.Final\validation-api-1.1.0.Final.jar;C:\Users\jihyun\.m2\repository\org\jboss\logging\jboss-logg
Launcher Type: SUN_STANDARD

Environment Variables:
JAVA_HOME=C:\Program Files\Java\jdk1.8.0_77
_JAVA_OPTIONS=-Xmx512M -Xmx512M
CLASSPATH=C:\Program Files\Java\jdk1.8.0_77\lib\tools.jar
PATH=C:\ProgramData\Oracle\Java\javapath;C:\Windows\System32\Wbem;%MYSQL_HOME%/bin;C:\Program Files (x86)\MySQL\MySQL Fabric 1.5 & MySQL Utilities 1.5\;C:\Program Files (x86)\MySQL\MySQL Fabric 1.5 & MySQL Utilities 1.5\Doctrine extensions for PHP\;C:\Program Files\Git\cmd;C:\Windows\System32;C:\Program Files (x86)\nodejs\;C:\Program Files\PuTTY\;C:\Python36\Scripts\;C:\Python36\;C:\Users\jihyun\AppData\Local\Programs\Python\Python35\Scripts\;C:\Users\jihyun\AppData\Local\Programs\Python\Python35\;C:\Program Files\Java\jdk1.8.0_77\bin;%MYSQL_HOME%/bin;;C:\Program Files\Docker Toolbox;C:\Windows\System32;C:\Users\jihyun\AppData\Roaming\npm;C:\Program Files\Bandizip\
USERNAME=jihyun
OS=Windows_NT
PROCESSOR_IDENTIFIER=Intel64 Family 6 Model 78 Stepping 3, GenuineIntel



---------------  S Y S T E M  ---------------

OS: Windows 8.1 , 64 bit Build 9600 (6.3.9600.17056)

CPU:total 4 (2 cores per cpu, 2 threads per core) family 6 model 78 stepping 3, cmov, cx8, fxsr, mmx, sse, sse2, sse3, ssse3, sse4.1, sse4.2, popcnt, avx, avx2, aes, clmul, erms, 3dnowpref, lzcnt, ht, tsc, tscinvbit, bmi1, bmi2, adx

Memory: 4k page, physical 8284676k(1338120k free), swap 8284676k(7076k free)

vm_info: Java HotSpot(TM) 64-Bit Server VM (25.77-b03) for windows-amd64 JRE (1.8.0_77-b03), built on Mar 20 2016 22:01:33 by "java_re" with MS VC++ 10.0 (VS2010)

time: Wed Oct 10 00:48:44 2018
elapsed time: 9 seconds (0d 0h 0m 9s)

